<?xml version="1.0" encoding="UTF-8"?>
<testsuite xmlns:xsi="http://www.w3.org/2001/XMLSchema-instance" xsi:noNamespaceSchemaLocation="https://maven.apache.org/surefire/maven-surefire-plugin/xsd/surefire-test-report-3.0.xsd" version="3.0" name="TestSuite" time="8.922" tests="1" errors="0" skipped="0" failures="0">
  <properties>
[...]
</properties>
  <testcase name="runScenario[&quot;Title of your scenario&quot;, &quot;Tests for Login page functionalities&quot;](1)" classname="com.practice.runner.TestNGRunner" time="7.707">
    <system-out><![CDATA[
@login @login1
Scenario: Title of your scenario                                 # src/test/resources/features/Login.feature:5
  Given User open OHRM application with Admin role               # com.practice.stepDefinition.LoginSteps.login_OHRM_application()
  When User enter valid username "Admin" and password "admin123" # com.practice.stepDefinition.LoginSteps.user_enter_valid_user_id_and_password(java.lang.String,java.lang.String)
in step
  And User click on login button                                 # com.practice.stepDefinition.LoginSteps.user_click_on_login_button()
  Then User logged in successfully                               # com.practice.stepDefinition.LoginSteps.validate_user_logged_in_successfully()
]]></system-out>
    <system-err><![CDATA[SLF4J: Failed to load class "org.slf4j.impl.StaticLoggerBinder".
SLF4J: Defaulting to no-operation (NOP) logger implementation
SLF4J: See http://www.slf4j.org/codes.html#StaticLoggerBinder for further details.
ERROR StatusLogger Log4j2 could not find a logging implementation. Please add log4j-core to the classpath. Using SimpleLogger to log to the console...
Starting ChromeDriver 108.0.5359.71 (1e0e3868ee06e91ad636a874420e3ca3ae3756ac-refs/branch-heads/5359@{#1016}) on port 24060
Only local connections are allowed.
Please see https://chromedriver.chromium.org/security-considerations for suggestions on keeping ChromeDriver safe.
ChromeDriver was started successfully.
]]></system-err>
  </testcase>
</testsuite>